2024-08-31 14:12:04.888 [info] Extension host with pid 2219 started
2024-08-31 14:12:04.888 [info] Skipping acquiring lock for /home/proyecto/.config/Code - OSS/User/workspaceStorage/c8e886cdc6fe8a9ad562e676c8a18097.
2024-08-31 14:12:05.377 [info] ExtensionService#_doActivateExtension vscode.git-base, startup: true, activationEvent: '*'
2024-08-31 14:12:05.392 [info] ExtensionService#_doActivateExtension vscode.github, startup: true, activationEvent: '*'
2024-08-31 14:12:05.422 [info] Eager extensions activated
2024-08-31 14:12:05.452 [info] ExtensionService#_doActivateExtension vscode.debug-auto-launch, startup: false, activationEvent: 'onStartupFinished'
2024-08-31 14:12:05.455 [info] ExtensionService#_doActivateExtension vscode.merge-conflict, startup: false, activationEvent: 'onStartupFinished'
2024-08-31 14:12:06.664 [info] ExtensionService#_doActivateExtension vscode.git, startup: false, activationEvent: 'api', root cause: vscode.github
2024-08-31 14:12:06.793 [info] ExtensionService#_doActivateExtension vscode.emmet, startup: false, activationEvent: 'onLanguage'
2024-08-31 14:12:06.833 [info] ExtensionService#_doActivateExtension vscode.github-authentication, startup: false, activationEvent: 'onAuthenticationRequest:github'
2024-08-31 14:12:51.796 [info] ExtensionService#_doActivateExtension vscode.configuration-editing, startup: false, activationEvent: 'onLanguage:json'
2024-08-31 14:12:51.806 [info] ExtensionService#_doActivateExtension vscode.extension-editing, startup: false, activationEvent: 'onLanguage:json'
2024-08-31 14:12:51.815 [info] ExtensionService#_doActivateExtension vscode.json-language-features, startup: false, activationEvent: 'onLanguage:json'
2024-08-31 14:12:51.854 [info] ExtensionService#_doActivateExtension vscode.npm, startup: false, activationEvent: 'onLanguage:json'
2024-08-31 15:42:45.591 [info] Extension host terminating: renderer closed the MessagePort
2024-08-31 15:42:45.603 [error] Canceled: Canceled
	at new C (/usr/lib/code/out/vs/workbench/api/node/extensionHostProcess.js:144:35204)
	at E.U (/usr/lib/code/out/vs/workbench/api/node/extensionHostProcess.js:151:6017)
	at B.<computed>.j.charCodeAt.R.CharCode.DollarSign.B.<computed> (/usr/lib/code/out/vs/workbench/api/node/extensionHostProcess.js:151:3107)
	at d.g (/usr/lib/code/out/vs/workbench/api/node/extensionHostProcess.js:154:205942)
	at d.executeCommand (/usr/lib/code/out/vs/workbench/api/node/extensionHostProcess.js:154:205380)
	at A.registerCommand.description (/usr/lib/code/out/vs/workbench/api/node/extensionHostProcess.js:154:204704)
	at d.h (/usr/lib/code/out/vs/workbench/api/node/extensionHostProcess.js:154:206481)
	at d.g (/usr/lib/code/out/vs/workbench/api/node/extensionHostProcess.js:154:205473)
	at d.executeCommand (/usr/lib/code/out/vs/workbench/api/node/extensionHostProcess.js:154:205380)
	at Object.executeCommand (/usr/lib/code/out/vs/workbench/api/node/extensionHostProcess.js:164:23060)
	at i.O [as value] (/usr/lib/code/extensions/git/dist/main.js:2:951642)
	at n.B (/usr/lib/code/out/vs/workbench/api/node/extensionHostProcess.js:83:737)
	at n.C (/usr/lib/code/out/vs/workbench/api/node/extensionHostProcess.js:83:807)
	at n.fire (/usr/lib/code/out/vs/workbench/api/node/extensionHostProcess.js:83:1023)
	at Object.p [as dispose] (/usr/lib/code/extensions/git/dist/main.js:2:972220)
	at /usr/lib/code/extensions/git/dist/main.js:2:978342
	at Array.forEach (<anonymous>)
	at f.dispose (/usr/lib/code/extensions/git/dist/main.js:2:978328)
	at a.<anonymous> (/usr/lib/code/out/vs/workbench/api/node/extensionHostProcess.js:152:4173)
	at a.dispose (/usr/lib/code/out/vs/workbench/api/node/extensionHostProcess.js:152:4270)
	at a.<anonymous> (/usr/lib/code/extensions/git/dist/main.js:2:953940)
	at a.dispose (/usr/lib/code/out/vs/workbench/api/node/extensionHostProcess.js:152:4270)
	at $ (/usr/lib/code/out/vs/workbench/api/node/extensionHostProcess.js:30:744)
	at /usr/lib/code/out/vs/workbench/api/node/extensionHostProcess.js:160:13379
	at /usr/lib/code/out/vs/workbench/api/node/extensionHostProcess.js:30:1112
	at Object.dispose (/usr/lib/code/out/vs/workbench/api/node/extensionHostProcess.js:11:11354)
	at m.eb (/usr/lib/code/out/vs/workbench/api/node/extensionHostProcess.js:160:10056)
	at /usr/lib/code/out/vs/workbench/api/node/extensionHostProcess.js:160:7927
	at Array.map (<anonymous>)
	at m.$ (/usr/lib/code/out/vs/workbench/api/node/extensionHostProcess.js:160:7914)
	at m.terminate (/usr/lib/code/out/vs/workbench/api/node/extensionHostProcess.js:160:8187)
	at $.terminate (/usr/lib/code/out/vs/workbench/api/node/extensionHostProcess.js:164:1513)
	at o (/usr/lib/code/out/vs/workbench/api/node/extensionHostProcess.js:177:10633)
	at MessagePortMain.<anonymous> (/usr/lib/code/out/vs/workbench/api/node/extensionHostProcess.js:177:6825)
	at MessagePortMain.emit (node:events:519:28)
	at MessagePortMain._internalPort.emit (node:electron/js2c/utility_init:2:2619) setContext undefined
2024-08-31 15:42:45.604 [error] Canceled: Canceled
	at new C (/usr/lib/code/out/vs/workbench/api/node/extensionHostProcess.js:144:35204)
	at E.U (/usr/lib/code/out/vs/workbench/api/node/extensionHostProcess.js:151:6017)
	at B.<computed>.j.charCodeAt.R.CharCode.DollarSign.B.<computed> (/usr/lib/code/out/vs/workbench/api/node/extensionHostProcess.js:151:3107)
	at d.g (/usr/lib/code/out/vs/workbench/api/node/extensionHostProcess.js:154:205942)
	at d.executeCommand (/usr/lib/code/out/vs/workbench/api/node/extensionHostProcess.js:154:205380)
	at A.registerCommand.description (/usr/lib/code/out/vs/workbench/api/node/extensionHostProcess.js:154:204704)
	at d.h (/usr/lib/code/out/vs/workbench/api/node/extensionHostProcess.js:154:206481)
	at d.g (/usr/lib/code/out/vs/workbench/api/node/extensionHostProcess.js:154:205473)
	at d.executeCommand (/usr/lib/code/out/vs/workbench/api/node/extensionHostProcess.js:154:205380)
	at Object.executeCommand (/usr/lib/code/out/vs/workbench/api/node/extensionHostProcess.js:164:23060)
	at set hasGitHubRepositories (/usr/lib/code/extensions/github/dist/extension.js:2:322969)
	at /usr/lib/code/extensions/github/dist/extension.js:2:323928
	at i.value (/usr/lib/code/extensions/git/dist/main.js:2:1060193)
	at n.B (/usr/lib/code/out/vs/workbench/api/node/extensionHostProcess.js:83:737)
	at n.C (/usr/lib/code/out/vs/workbench/api/node/extensionHostProcess.js:83:807)
	at n.fire (/usr/lib/code/out/vs/workbench/api/node/extensionHostProcess.js:83:1023)
	at Object.p [as dispose] (/usr/lib/code/extensions/git/dist/main.js:2:972220)
	at /usr/lib/code/extensions/git/dist/main.js:2:978342
	at Array.forEach (<anonymous>)
	at f.dispose (/usr/lib/code/extensions/git/dist/main.js:2:978328)
	at a.<anonymous> (/usr/lib/code/out/vs/workbench/api/node/extensionHostProcess.js:152:4173)
	at a.dispose (/usr/lib/code/out/vs/workbench/api/node/extensionHostProcess.js:152:4270)
	at a.<anonymous> (/usr/lib/code/extensions/git/dist/main.js:2:953940)
	at a.dispose (/usr/lib/code/out/vs/workbench/api/node/extensionHostProcess.js:152:4270)
	at $ (/usr/lib/code/out/vs/workbench/api/node/extensionHostProcess.js:30:744)
	at /usr/lib/code/out/vs/workbench/api/node/extensionHostProcess.js:160:13379
	at /usr/lib/code/out/vs/workbench/api/node/extensionHostProcess.js:30:1112
	at Object.dispose (/usr/lib/code/out/vs/workbench/api/node/extensionHostProcess.js:11:11354)
	at m.eb (/usr/lib/code/out/vs/workbench/api/node/extensionHostProcess.js:160:10056)
	at /usr/lib/code/out/vs/workbench/api/node/extensionHostProcess.js:160:7927
	at Array.map (<anonymous>)
	at m.$ (/usr/lib/code/out/vs/workbench/api/node/extensionHostProcess.js:160:7914)
	at m.terminate (/usr/lib/code/out/vs/workbench/api/node/extensionHostProcess.js:160:8187)
	at $.terminate (/usr/lib/code/out/vs/workbench/api/node/extensionHostProcess.js:164:1513)
	at o (/usr/lib/code/out/vs/workbench/api/node/extensionHostProcess.js:177:10633)
	at MessagePortMain.<anonymous> (/usr/lib/code/out/vs/workbench/api/node/extensionHostProcess.js:177:6825)
	at MessagePortMain.emit (node:events:519:28)
	at MessagePortMain._internalPort.emit (node:electron/js2c/utility_init:2:2619) setContext undefined
2024-08-31 15:42:45.605 [info] Extension host with pid 2219 exiting with code 0
